This is XeTeX, Version 3.14159265-2.6-0.999992 (TeX Live 2020/W32TeX) (preloaded format=xelatex 2021.3.9)  9 MAR 2021 20:29
entering extended mode
 restricted \write18 enabled.
 %&-line parsing enabled.
**ekg_7_projektbericht.tex
(./ekg_7_projektbericht.tex
LaTeX2e <2020-10-01> patch level 4
L3 programming layer <2021-02-18>
(c:/texlive/2020/texmf-dist/tex/latex/base/article.cls
Document Class: article 2020/04/10 v1.4m Standard LaTeX document class
(c:/texlive/2020/texmf-dist/tex/latex/base/size12.clo
File: size12.clo 2020/04/10 v1.4m Standard LaTeX file (size option)
)
\c@part=\count175
\c@section=\count176
\c@subsection=\count177
\c@subsubsection=\count178
\c@paragraph=\count179
\c@subparagraph=\count180
\c@figure=\count181
\c@table=\count182
\abovecaptionskip=\skip47
\belowcaptionskip=\skip48
\bibindent=\dimen138
)
(c:/texlive/2020/texmf-dist/tex/generic/babel/babel.sty
Package: babel 2021/03/03 3.55 The Babel package

(c:/texlive/2020/texmf-dist/tex/generic/babel/babel.def
File: babel.def 2021/03/03 3.55 Babel common definitions
\babel@savecnt=\count183
\U@D=\dimen139
\l@babelnohyphens=\language86

(c:/texlive/2020/texmf-dist/tex/generic/babel/xebabel.def
(c:/texlive/2020/texmf-dist/tex/generic/babel/txtbabel.def))
\bbl@readstream=\read2
)
\bbl@dirlevel=\count184

(c:/texlive/2020/texmf-dist/tex/generic/babel-german/ngerman.ldf
Language: ngerman 2021/02/27 v2.13 German support for babel (post-1996 orthogra
phy)

(c:/texlive/2020/texmf-dist/tex/generic/babel-german/ngermanb.ldf
Language: ngermanb 2021/02/27 v2.13 German support for babel (post-1996 orthogr
aphy)
Package babel Info: Making " an active character on input line 122.
)))
(c:/texlive/2020/texmf-dist/tex/latex/base/inputenc.sty
Package: inputenc 2020/08/01 v1.3d Input encoding file
\inpenc@prehook=\toks15
\inpenc@posthook=\toks16


Package inputenc Warning: inputenc package ignored with utf8 based engines.

) (c:/texlive/2020/texmf-dist/tex/latex/base/fontenc.sty
Package: fontenc 2020/08/10 v2.0s Standard LaTeX package
LaTeX Font Info:    Trying to load font information for T1+lmr on input line 11
2.

(c:/texlive/2020/texmf-dist/tex/latex/lm/t1lmr.fd
File: t1lmr.fd 2009/10/30 v1.6 Font defs for Latin Modern
))
(c:/texlive/2020/texmf-dist/tex/latex/fontspec/fontspec.sty
(c:/texlive/2020/texmf-dist/tex/latex/l3packages/xparse/xparse.sty
(c:/texlive/2020/texmf-dist/tex/latex/l3kernel/expl3.sty
Package: expl3 2021-02-18 L3 programming layer (loader) 

(c:/texlive/2020/texmf-dist/tex/latex/l3backend/l3backend-xetex.def
File: l3backend-xetex.def 2021-03-02 L3 backend support: XeTeX

(|extractbb --version)
\c__kernel_sys_dvipdfmx_version_int=\count185
\l__color_backend_stack_int=\count186
\g__color_backend_stack_int=\count187
\g__graphics_track_int=\count188
\l__pdf_internal_box=\box47
\g__pdf_backend_object_int=\count189
\g__pdf_backend_annotation_int=\count190
\g__pdf_backend_link_int=\count191
))
(c:/texlive/2020/texmf-dist/tex/latex/l3packages/xparse/xparse-2020-10-01.sty
(c:/texlive/2020/texmf-dist/tex/latex/l3packages/xparse/xparse-generic.tex)))
Package: fontspec 2020/02/21 v2.7i Font selection for XeLaTeX and LuaLaTeX

(c:/texlive/2020/texmf-dist/tex/latex/fontspec/fontspec-xetex.sty
Package: fontspec-xetex 2020/02/21 v2.7i Font selection for XeLaTeX and LuaLaTe
X
\l__fontspec_script_int=\count192
\l__fontspec_language_int=\count193
\l__fontspec_strnum_int=\count194
\l__fontspec_tmp_int=\count195
\l__fontspec_tmpa_int=\count196
\l__fontspec_tmpb_int=\count197
\l__fontspec_tmpc_int=\count198
\l__fontspec_em_int=\count199
\l__fontspec_emdef_int=\count266
\l__fontspec_strong_int=\count267
\l__fontspec_strongdef_int=\count268
\l__fontspec_tmpa_dim=\dimen140
\l__fontspec_tmpb_dim=\dimen141
\l__fontspec_tmpc_dim=\dimen142

(c:/texlive/2020/texmf-dist/tex/latex/base/fontenc.sty
Package: fontenc 2020/08/10 v2.0s Standard LaTeX package
)
(c:/texlive/2020/texmf-dist/tex/latex/fontspec/fontspec.cfg)))
(c:/texlive/2020/texmf-dist/tex/latex/geometry/geometry.sty
Package: geometry 2020/01/02 v5.9 Page Geometry

(c:/texlive/2020/texmf-dist/tex/latex/graphics/keyval.sty
Package: keyval 2014/10/28 v1.15 key=value parser (DPC)
\KV@toks@=\toks17
)
(c:/texlive/2020/texmf-dist/tex/generic/iftex/ifvtex.sty
Package: ifvtex 2019/10/25 v1.7 ifvtex legacy package. Use iftex instead.

(c:/texlive/2020/texmf-dist/tex/generic/iftex/iftex.sty
Package: iftex 2020/03/06 v1.0d TeX engine tests
))
\Gm@cnth=\count269
\Gm@cntv=\count270
\c@Gm@tempcnt=\count271
\Gm@bindingoffset=\dimen143
\Gm@wd@mp=\dimen144
\Gm@odd@mp=\dimen145
\Gm@even@mp=\dimen146
\Gm@layoutwidth=\dimen147
\Gm@layoutheight=\dimen148
\Gm@layouthoffset=\dimen149
\Gm@layoutvoffset=\dimen150
\Gm@dimlist=\toks18
)
(c:/texlive/2020/texmf-dist/tex/latex/setspace/setspace.sty
Package: setspace 2011/12/19 v6.7a set line spacing
)
(c:/texlive/2020/texmf-dist/tex/latex/siunitx/siunitx.sty
Package: siunitx 2020/02/25 v2.8b A comprehensive (SI) units package

(c:/texlive/2020/texmf-dist/tex/latex/amsmath/amstext.sty
Package: amstext 2000/06/29 v2.01 AMS text

(c:/texlive/2020/texmf-dist/tex/latex/amsmath/amsgen.sty
File: amsgen.sty 1999/11/30 v2.0 generic functions
\@emptytoks=\toks19
\ex@=\dimen151
))
(c:/texlive/2020/texmf-dist/tex/latex/tools/array.sty
Package: array 2020/10/01 v2.5c Tabular extension package (FMi)
\col@sep=\dimen152
\ar@mcellbox=\box48
\extrarowheight=\dimen153
\NC@list=\toks20
\extratabsurround=\skip49
\backup@length=\skip50
\ar@cellbox=\box49
)
(c:/texlive/2020/texmf-dist/tex/latex/l3packages/l3keys2e/l3keys2e.sty
Package: l3keys2e 2021-02-02 LaTeX2e option processing using LaTeX3 keys
)
\l__siunitx_tmp_box=\box50
\l__siunitx_tmp_dim=\dimen154
\l__siunitx_tmp_int=\count272
\l__siunitx_number_mantissa_length_int=\count273
\l__siunitx_number_uncert_length_int=\count274
\l__siunitx_round_int=\count275
\l__siunitx_process_decimal_int=\count276
\l__siunitx_process_uncertainty_int=\count277
\l__siunitx_process_fixed_int=\count278
\l__siunitx_process_integer_min_int=\count279
\l__siunitx_process_precision_int=\count280
\l__siunitx_group_min_int=\count281
\l__siunitx_angle_marker_box=\box51
\l__siunitx_angle_unit_box=\box52
\l__siunitx_angle_marker_dim=\dimen155
\l__siunitx_angle_unit_dim=\dimen156
\l__siunitx_unit_int=\count282
\l__siunitx_unit_denominator_int=\count283
\l__siunitx_unit_numerator_int=\count284
\l__siunitx_unit_prefix_int=\count285
\l__siunitx_unit_prefix_base_int=\count286
\l__siunitx_unit_prefix_gram_int=\count287
\l__siunitx_number_product_int=\count288
\c__siunitx_one_fill_skip=\skip51
\l__siunitx_table_unit_align_skip=\skip52
\l__siunitx_table_exponent_dim=\dimen157
\l__siunitx_table_integer_dim=\dimen158
\l__siunitx_table_mantissa_dim=\dimen159
\l__siunitx_table_marker_dim=\dimen160
\l__siunitx_table_result_dim=\dimen161
\l__siunitx_table_uncert_dim=\dimen162
\l__siunitx_table_fill_pre_dim=\dimen163
\l__siunitx_table_fill_post_dim=\dimen164
\l__siunitx_table_fill_mid_dim=\dimen165
\l__siunitx_table_pre_box=\box53
\l__siunitx_table_post_box=\box54
\l__siunitx_table_mantissa_box=\box55
\l__siunitx_table_result_box=\box56
\l__siunitx_table_number_align_skip=\skip53
\l__siunitx_table_text_align_skip=\skip54

(c:/texlive/2020/texmf-dist/tex/latex/translator/translator.sty
Package: translator 2020-08-03 v1.12c Easy translation of strings in LaTeX
)

Package siunitx Warning: Version 1 option 'decimalsymbol' detected.

(c:/texlive/2020/texmf-dist/tex/latex/siunitx/siunitx-version-1.cfg
File: siunitx-version-1.cfg 2017/11/26 v2.7k siunitx: Version 1 settings
))
(c:/texlive/2020/texmf-dist/tex/latex/graphics/graphicx.sty
Package: graphicx 2020/09/09 v1.2b Enhanced LaTeX Graphics (DPC,SPQR)

(c:/texlive/2020/texmf-dist/tex/latex/graphics/graphics.sty
Package: graphics 2020/08/30 v1.4c Standard LaTeX Graphics (DPC,SPQR)

(c:/texlive/2020/texmf-dist/tex/latex/graphics/trig.sty
Package: trig 2016/01/03 v1.10 sin cos tan (DPC)
)
(c:/texlive/2020/texmf-dist/tex/latex/graphics-cfg/graphics.cfg
File: graphics.cfg 2016/06/04 v1.11 sample graphics configuration
)
Package graphics Info: Driver file: xetex.def on input line 105.

(c:/texlive/2020/texmf-dist/tex/latex/graphics-def/xetex.def
File: xetex.def 2020/08/26 v5.0i Graphics/color driver for xetex
))
\Gin@req@height=\dimen166
\Gin@req@width=\dimen167
)
(c:/texlive/2020/texmf-dist/tex/latex/wrapfig/wrapfig.sty
\wrapoverhang=\dimen168
\WF@size=\dimen169
\c@WF@wrappedlines=\count289
\WF@box=\box57
\WF@everypar=\toks21
Package: wrapfig 2003/01/31  v 3.6
)
(c:/texlive/2020/texmf-dist/tex/latex/lipsum/lipsum.sty
Package: lipsum 2021-03-03 v2.3 150 paragraphs of Lorem Ipsum dummy text

(c:/texlive/2020/texmf-dist/tex/latex/lipsum/lipsum.ltd.tex
File: lipsum.ltd.tex 2021-03-03 v2.3 The Lorem ipsum dummy text
))
(c:/texlive/2020/texmf-dist/tex/latex/caption/subcaption.sty
Package: subcaption 2020/10/07 v1.3j Sub-captions (AR)

(c:/texlive/2020/texmf-dist/tex/latex/caption/caption.sty
Package: caption 2020/10/26 v3.5g Customizing captions (AR)

(c:/texlive/2020/texmf-dist/tex/latex/caption/caption3.sty
Package: caption3 2020/10/21 v2.2e caption3 kernel (AR)
\captionmargin=\dimen170
\captionmargin@=\dimen171
\captionwidth=\dimen172
\caption@tempdima=\dimen173
\caption@indent=\dimen174
\caption@parindent=\dimen175
\caption@hangindent=\dimen176
Package caption Info: Standard document class detected.
)
\c@caption@flags=\count290
\c@continuedfloat=\count291
Package caption Info: wrapfig package is loaded.
)
\c@subfigure=\count292
\c@subtable=\count293
)
(./ekg_7_projektbericht.aux)
\openout1 = `ekg_7_projektbericht.aux'.

LaTeX Font Info:    Checking defaults for OML/cmm/m/it on input line 42.
LaTeX Font Info:    ... okay on input line 42.
LaTeX Font Info:    Checking defaults for OMS/cmsy/m/n on input line 42.
LaTeX Font Info:    ... okay on input line 42.
LaTeX Font Info:    Checking defaults for OT1/cmr/m/n on input line 42.
LaTeX Font Info:    ... okay on input line 42.
LaTeX Font Info:    Checking defaults for T1/cmr/m/n on input line 42.
LaTeX Font Info:    ... okay on input line 42.
LaTeX Font Info:    Checking defaults for TS1/cmr/m/n on input line 42.
LaTeX Font Info:    Trying to load font information for TS1+cmr on input line 4
2.

(c:/texlive/2020/texmf-dist/tex/latex/base/ts1cmr.fd
File: ts1cmr.fd 2019/12/16 v2.5j Standard LaTeX font definitions
)
LaTeX Font Info:    ... okay on input line 42.
LaTeX Font Info:    Checking defaults for TU/lmr/m/n on input line 42.
LaTeX Font Info:    ... okay on input line 42.
LaTeX Font Info:    Checking defaults for OMX/cmex/m/n on input line 42.
LaTeX Font Info:    ... okay on input line 42.
LaTeX Font Info:    Checking defaults for U/cmr/m/n on input line 42.
LaTeX Font Info:    ... okay on input line 42.

Package fontspec Info: Adjusting the maths setup (use [no-math] to avoid
(fontspec)             this).

\symlegacymaths=\mathgroup4
LaTeX Font Info:    Overwriting symbol font `legacymaths' in version `bold'
(Font)                  OT1/cmr/m/n --> OT1/cmr/bx/n on input line 42.
LaTeX Font Info:    Redeclaring math accent \acute on input line 42.
LaTeX Font Info:    Redeclaring math accent \grave on input line 42.
LaTeX Font Info:    Redeclaring math accent \ddot on input line 42.
LaTeX Font Info:    Redeclaring math accent \tilde on input line 42.
LaTeX Font Info:    Redeclaring math accent \bar on input line 42.
LaTeX Font Info:    Redeclaring math accent \breve on input line 42.
LaTeX Font Info:    Redeclaring math accent \check on input line 42.
LaTeX Font Info:    Redeclaring math accent \hat on input line 42.
LaTeX Font Info:    Redeclaring math accent \dot on input line 42.
LaTeX Font Info:    Redeclaring math accent \mathring on input line 42.
LaTeX Font Info:    Redeclaring math symbol \colon on input line 42.
LaTeX Font Info:    Redeclaring math symbol \Gamma on input line 42.
LaTeX Font Info:    Redeclaring math symbol \Delta on input line 42.
LaTeX Font Info:    Redeclaring math symbol \Theta on input line 42.
LaTeX Font Info:    Redeclaring math symbol \Lambda on input line 42.
LaTeX Font Info:    Redeclaring math symbol \Xi on input line 42.
LaTeX Font Info:    Redeclaring math symbol \Pi on input line 42.
LaTeX Font Info:    Redeclaring math symbol \Sigma on input line 42.
LaTeX Font Info:    Redeclaring math symbol \Upsilon on input line 42.
LaTeX Font Info:    Redeclaring math symbol \Phi on input line 42.
LaTeX Font Info:    Redeclaring math symbol \Psi on input line 42.
LaTeX Font Info:    Redeclaring math symbol \Omega on input line 42.
LaTeX Font Info:    Redeclaring math symbol \mathdollar on input line 42.
LaTeX Font Info:    Redeclaring symbol font `operators' on input line 42.
LaTeX Font Info:    Encoding `OT1' has changed to `TU' for symbol font
(Font)              `operators' in the math version `normal' on input line 42.
LaTeX Font Info:    Overwriting symbol font `operators' in version `normal'
(Font)                  OT1/cmr/m/n --> TU/lmr/m/n on input line 42.
LaTeX Font Info:    Encoding `OT1' has changed to `TU' for symbol font
(Font)              `operators' in the math version `bold' on input line 42.
LaTeX Font Info:    Overwriting symbol font `operators' in version `bold'
(Font)                  OT1/cmr/bx/n --> TU/lmr/m/n on input line 42.
LaTeX Font Info:    Overwriting symbol font `operators' in version `normal'
(Font)                  TU/lmr/m/n --> TU/lmr/m/n on input line 42.
LaTeX Font Info:    Overwriting math alphabet `\mathit' in version `normal'
(Font)                  OT1/cmr/m/it --> TU/lmr/m/it on input line 42.
LaTeX Font Info:    Overwriting math alphabet `\mathbf' in version `normal'
(Font)                  OT1/cmr/bx/n --> TU/lmr/b/n on input line 42.
LaTeX Font Info:    Overwriting math alphabet `\mathsf' in version `normal'
(Font)                  OT1/cmss/m/n --> TU/lmss/m/n on input line 42.
LaTeX Font Info:    Overwriting math alphabet `\mathtt' in version `normal'
(Font)                  OT1/cmtt/m/n --> TU/lmtt/m/n on input line 42.
LaTeX Font Info:    Overwriting symbol font `operators' in version `bold'
(Font)                  TU/lmr/m/n --> TU/lmr/b/n on input line 42.
LaTeX Font Info:    Overwriting math alphabet `\mathit' in version `bold'
(Font)                  OT1/cmr/bx/it --> TU/lmr/b/it on input line 42.
LaTeX Font Info:    Overwriting math alphabet `\mathsf' in version `bold'
(Font)                  OT1/cmss/bx/n --> TU/lmss/b/n on input line 42.
LaTeX Font Info:    Overwriting math alphabet `\mathtt' in version `bold'
(Font)                  OT1/cmtt/m/n --> TU/lmtt/b/n on input line 42.

*geometry* driver: auto-detecting
*geometry* detected driver: xetex
*geometry* verbose mode - [ preamble ] result:
* driver: xetex
* paper: a4paper
* layout: <same size as paper>
* layoutoffset:(h,v)=(0.0pt,0.0pt)
* modes: 
* h-part:(L,W,R)=(85.35826pt, 455.24411pt, 56.9055pt)
* v-part:(T,H,B)=(56.9055pt, 702.78308pt, 85.35826pt)
* \paperwidth=597.50787pt
* \paperheight=845.04684pt
* \textwidth=455.24411pt
* \textheight=702.78308pt
* \oddsidemargin=13.08827pt
* \evensidemargin=13.08827pt
* \topmargin=-52.36449pt
* \headheight=12.0pt
* \headsep=25.0pt
* \topskip=12.0pt
* \footskip=30.0pt
* \marginparwidth=35.0pt
* \marginparsep=10.0pt
* \columnsep=10.0pt
* \skip\footins=10.8pt plus 4.0pt minus 2.0pt
* \hoffset=0.0pt
* \voffset=0.0pt
* \mag=1000
* \@twocolumnfalse
* \@twosidefalse
* \@mparswitchfalse
* \@reversemarginfalse
* (1in=72.27pt=25.4mm, 1cm=28.453pt)

(c:/texlive/2020/texmf-dist/tex/latex/siunitx/siunitx-abbreviations.cfg
File: siunitx-abbreviations.cfg 2017/11/26 v2.7k siunitx: Abbreviated units
)
(c:/texlive/2020/texmf-dist/tex/latex/translator/translator-basic-dictionary-En
glish.dict
Dictionary: translator-basic-dictionary, Language: English 
)
Package caption Info: Begin \AtBeginDocument code.
Package caption Info: End \AtBeginDocument code.
LaTeX Font Info:    External font `cmex10' loaded for size
(Font)              <12> on input line 42.
LaTeX Font Info:    External font `cmex10' loaded for size
(Font)              <8> on input line 42.
LaTeX Font Info:    External font `cmex10' loaded for size
(Font)              <6> on input line 42.
 (./Chapter/ekg_7_titelseite.tex
LaTeX Font Info:    External font `cmex10' loaded for size
(Font)              <14.4> on input line 6.
LaTeX Font Info:    External font `cmex10' loaded for size
(Font)              <7> on input line 6.
) [1

] (./ekg_7_projektbericht.toc
[2])
\tf@toc=\write3
\openout3 = `ekg_7_projektbericht.toc'.

 [3] (./Chapter/ekg_7_abkuerzungsverzeichnis.tex) [4]
(./Chapter/ekg_7_einleitung.tex) [5] [6] (./Chapter/ekg_7_zielsetzung.tex
[7]) [8] (./Chapter/ekg_7_stand_der_technik.tex [9] [10]
Underfull \hbox (badness 10000) in paragraph at lines 28--28
[]|\TU/lmr/m/n/12 Kardio-
 []


Underfull \hbox (badness 10000) in paragraph at lines 28--28
[]|\TU/lmr/m/n/12 Hartmann
 []


Underfull \hbox (badness 10000) in paragraph at lines 28--28
[]|\TU/lmr/m/n/12 Cardio-
 []


Underfull \hbox (badness 10000) in paragraph at lines 28--28
\TU/lmr/m/n/12 Secure
 []


Underfull \hbox (badness 10000) in paragraph at lines 28--29
[]|\TU/lmr/m/n/12 EKG-
 []


Underfull \hbox (badness 10000) in paragraph at lines 28--29
\TU/lmr/m/n/12 Monitor
 []


Underfull \hbox (badness 10000) in paragraph at lines 30--30
[]|\TU/lmr/bx/n/12 Gewicht
 []


Underfull \hbox (badness 10000) in paragraph at lines 30--30
[]|\TU/lmr/m/n/12 31 (ohne
 []


Underfull \hbox (badness 10000) in paragraph at lines 33--33
[]|\TU/lmr/bx/n/12 Energie-
 []


Overfull \hbox (4.79706pt too wide) in paragraph at lines 33--33
\TU/lmr/bx/n/12 versorgung| 
 []


Underfull \hbox (badness 10000) in paragraph at lines 33--33
[]|\TU/lmr/m/n/12 Knopf-
 []


Underfull \hbox (badness 10000) in paragraph at lines 33--33
[]|\TU/lmr/m/n/12 Knopf-
 []


Underfull \hbox (badness 10000) in paragraph at lines 33--33
[]|\TU/lmr/m/n/12 AAA-
 []


Underfull \hbox (badness 10000) in paragraph at lines 33--33
[]|\TU/lmr/m/n/12 Versorgung
 []


Underfull \hbox (badness 10000) in paragraph at lines 33--33
\TU/lmr/m/n/12 durch
 []


Underfull \hbox (badness 10000) in paragraph at lines 33--33
\TU/lmr/m/n/12 Smartpho-
 []


Underfull \hbox (badness 10000) in paragraph at lines 33--35
[]|\TU/lmr/m/n/12 integrierter
 []


Underfull \hbox (badness 10000) in paragraph at lines 36--36
[]|\TU/lmr/m/n/12 Edelstahl-
 []


Underfull \hbox (badness 10000) in paragraph at lines 36--36
\TU/lmr/m/n/12 elektroden-
 []


Underfull \hbox (badness 10000) in paragraph at lines 36--36
[]|\TU/lmr/m/n/12 Edelstahl-
 []


Underfull \hbox (badness 10000) in paragraph at lines 36--36
\TU/lmr/m/n/12 elektroden-
 []


Underfull \hbox (badness 10000) in paragraph at lines 36--36
[]|\TU/lmr/m/n/12 Edelstahl-
 []


Underfull \hbox (badness 10000) in paragraph at lines 36--36
\TU/lmr/m/n/12 elektroden-
 []


Underfull \hbox (badness 10000) in paragraph at lines 36--36
[]|\TU/lmr/m/n/12 Einmal-
 []


Overfull \hbox (5.85306pt too wide) in paragraph at lines 36--36
\TU/lmr/m/n/12 klebeelektro-
 []


Underfull \hbox (badness 10000) in paragraph at lines 36--38
[]|\TU/lmr/m/n/12 Edelstahl-
 []


Underfull \hbox (badness 10000) in paragraph at lines 36--38
\TU/lmr/m/n/12 elektroden-
 []


Overfull \hbox (2.80505pt too wide) in paragraph at lines 39--39
[]|\TU/lmr/bx/n/12 verfügbare
 []


Underfull \hbox (badness 10000) in paragraph at lines 39--39
\TU/lmr/bx/n/12 EKG-
 []


Underfull \hbox (badness 10000) in paragraph at lines 39--39
[]|\TU/lmr/m/n/12 Kurzzeit
 []


Underfull \hbox (badness 10000) in paragraph at lines 39--39
\TU/lmr/m/n/12 ([][] -
 []


Underfull \hbox (badness 10000) in paragraph at lines 39--39
[]|\TU/lmr/m/n/12 Kurzzeit
 []


Underfull \hbox (badness 10000) in paragraph at lines 39--39
[]|\TU/lmr/m/n/12 Kurzzeit
 []


Underfull \hbox (badness 10000) in paragraph at lines 39--39
[]|\TU/lmr/m/n/12 Kurzzeit
 []


Underfull \hbox (badness 10000) in paragraph at lines 39--41
[]|\TU/lmr/m/n/12 Kurzzeit
 []


Overfull \hbox (2.27705pt too wide) in paragraph at lines 42--42
[]|\TU/lmr/m/n/12 Smartphone| 
 []


Underfull \hbox (badness 10000) in paragraph at lines 42--42
[]|\TU/lmr/m/n/12 LC-Display
 []


Underfull \hbox (badness 10000) in paragraph at lines 42--42
\TU/lmr/m/n/12 (nicht für
 []


Underfull \hbox (badness 10000) in paragraph at lines 42--42
\TU/lmr/m/n/12 Signal-
 []


Underfull \hbox (badness 10000) in paragraph at lines 42--42
[]|\TU/lmr/m/n/12 LC-Display
 []


Underfull \hbox (badness 10000) in paragraph at lines 42--42
\TU/lmr/m/n/12 (nicht für
 []


Underfull \hbox (badness 10000) in paragraph at lines 42--42
\TU/lmr/m/n/12 Signal-
 []


Overfull \hbox (2.27705pt too wide) in paragraph at lines 42--42
[]|\TU/lmr/m/n/12 Smartphone| 
 []


Underfull \hbox (badness 10000) in paragraph at lines 42--44
[]|\TU/lmr/m/n/12 2,4 Zoll
 []


Underfull \hbox (badness 10000) in paragraph at lines 42--44
\TU/lmr/m/n/12 Touch-
 []


Underfull \hbox (badness 10000) in paragraph at lines 45--45
[]|\TU/lmr/bx/n/12 Schnitt-
 []


Underfull \hbox (badness 10000) in paragraph at lines 45--45
[]|\TU/lmr/m/n/12 Bluetooth
 []


Underfull \hbox (badness 10000) in paragraph at lines 48--48
[]|\TU/lmr/bx/n/12 automati-
 []


Underfull \hbox (badness 10000) in paragraph at lines 48--48
\TU/lmr/bx/n/12 sierte
 []


Underfull \hbox (badness 10000) in paragraph at lines 48--48
\TU/lmr/bx/n/12 Diagnose
 []


Underfull \hbox (badness 10000) in paragraph at lines 48--48
[]|\TU/lmr/m/n/12 BK, TK
 []


Underfull \hbox (badness 10000) in paragraph at lines 48--48
[]|\TU/lmr/m/n/12 BK, TK
 []


Underfull \hbox (badness 10000) in paragraph at lines 48--48
[]|\TU/lmr/m/n/12 BK, TK
 []


Underfull \hbox (badness 10000) in paragraph at lines 48--48
[]|\TU/lmr/m/n/12 BK, TK
 []


Underfull \hbox (badness 10000) in paragraph at lines 48--50
[]|\TU/lmr/m/n/12 BK, TK
 []


Overfull \hbox (3.84906pt too wide) in paragraph at lines 51--51
[]|\TU/lmr/bx/n/12 Abtastrate
 []

[11]) [12] (./Chapter/ekg_7_realisierung.tex
(./Chapter//ekg_7_realisierung_konzeptfindung.tex [13]
File: Bilder//EKG_Signal.png Graphic file (type bmp)
<Bilder//EKG_Signal.png>
File: Bilder//EKG_diskretes_Frequenzspektrum_Ausschnitt.png Graphic file (type 
bmp)
<Bilder//EKG_diskretes_Frequenzspektrum_Ausschnitt.png>


LaTeX Warning: `!h' float specifier changed to `!ht'.

[14]
File: Bilder//Filter Blockschaltbild.png Graphic file (type bmp)
<Bilder//Filter Blockschaltbild.png>
 [15]
Underfull \hbox (badness 10000) in paragraph at lines 101--102

 []

[16]
Overfull \hbox (0.37575pt too wide) in paragraph at lines 120--128
[]\TU/lmr/m/n/12 Das Projekt EKG7 basiert auf dem Microcontroller MSP430F5529. 
[[]] Gemäß den Projekt-
 []

[17]
File: Bilder//Blockschaltbild v1.5.png Graphic file (type bmp)
<Bilder//Blockschaltbild v1.5.png>


LaTeX Warning: `h' float specifier changed to `ht'.


Underfull \hbox (badness 10000) in paragraph at lines 142--148

 []

[18]) (./Chapter//ekg_7_realisierung_diskussion_der_alternativen.tex [19]
Underfull \hbox (badness 10000) in paragraph at lines 13--14

 []

File: Bilder//Test IIR Filter.png Graphic file (type bmp)
<Bilder//Test IIR Filter.png>

LaTeX Warning: `h' float specifier changed to `ht'.

) (./Chapter//ekg_7_realisierung_akkumanagement_und_versorgungsspannungen.tex
Underfull \hbox (badness 10000) in paragraph at lines 29--2

 []

[20] [21]
File: Bilder//DCDC_3V_LDO_Shematic.png Graphic file (type bmp)
<Bilder//DCDC_3V_LDO_Shematic.png>
File: Bilder//DCDC_3V_LDO_Plot.png Graphic file (type bmp)
<Bilder//DCDC_3V_LDO_Plot.png>
 [22]) (./Chapter//ekg_7_realisierung_analoge_filterschaltung.tex
[23]
Overfull \hbox (9.68579pt too wide) in paragraph at lines 23--24
\TU/lmr/m/n/12 Messleitungen eingekoppelt werden. Seine Verstärkung wird mittel
s eines [][]-Widerstandes
 []

[24]
File: Bilder//EKG_aktiver_Tiefpassfilter.png Graphic file (type bmp)
<Bilder//EKG_aktiver_Tiefpassfilter.png>
 [25]
File: Bilder//EKG_Gesamtübertragungsfunktion.png Graphic file (type bmp)
<Bilder//EKG_Gesamtübertragungsfunktion.png>
File: Bilder//EKG_virtueller_Ground.png Graphic file (type bmp)
<Bilder//EKG_virtueller_Ground.png>
 [26]) (./Chapter//ekg_7_realisierung_pcb_design.tex [27]
File: Bilder//Schematics_EKG_2021-02-21_Power_Supply.jpg Graphic file (type bmp
)
<Bilder//Schematics_EKG_2021-02-21_Power_Supply.jpg>


LaTeX Warning: `!h' float specifier changed to `!ht'.

[28] [29]) (./Chapter//ekg_7_realisierung_prozessor_einheit.tex [30] [31]
File: Bilder//State Machine.png Graphic file (type bmp)
<Bilder//State Machine.png>

[32] [33] [34] [35]
File: Bilder//Short ECG.png Graphic file (type bmp)
<Bilder//Short ECG.png>
 [36]
File: Bilder//Langzeit EKG Energy Saving.png Graphic file (type bmp)
<Bilder//Langzeit EKG Energy Saving.png>
 [37]
File: Bilder//Idle State and Evergy Saving.png Graphic file (type bmp)
<Bilder//Idle State and Evergy Saving.png>


LaTeX Warning: `!h' float specifier changed to `!ht'.


Overfull \hbox (2.58792pt too wide) in paragraph at lines 164--165
[]\TU/lmr/m/it/12 ADC_Akku_Average_Value \TU/lmr/m/n/12 berechnet über drei Sek
unden den Mittelwert der ADC-
 []

[38]) (./Chapter//ekg_7_realisierung_display_und_ui.tex [39]
File: Bilder//ECG_Homescreen.png Graphic file (type bmp)
<Bilder//ECG_Homescreen.png>
 [40])
(./Chapter//ekg_7_realisierung_android_app.tex [41]
File: Bilder//app_Activity.png Graphic file (type bmp)
<Bilder//app_Activity.png>
File: Bilder//app_login.png Graphic file (type bmp)
<Bilder//app_login.png>
File: Bilder//app_register.png Graphic file (type bmp)
<Bilder//app_register.png>


LaTeX Warning: `!h' float specifier changed to `!ht'.

[42]
File: Bilder//app_profile.png Graphic file (type bmp)
<Bilder//app_profile.png>
File: Bilder//app_scan.png Graphic file (type bmp)
<Bilder//app_scan.png>


LaTeX Warning: `!h' float specifier changed to `!ht'.

[43]
File: Bilder//app_signal.png Graphic file (type bmp)
<Bilder//app_signal.png>


LaTeX Warning: `!h' float specifier changed to `!ht'.

) (./Chapter//ekg_7_realisierung_gehäuse.tex [44] [45]
File: Bilder//case_no_display.png Graphic file (type bmp)
<Bilder//case_no_display.png>
File: Bilder//case_no_display_2.png Graphic file (type bmp)
<Bilder//case_no_display_2.png>

Underfull \hbox (badness 10000) in paragraph at lines 19--29

 []

File: Bilder//case_display.png Graphic file (type bmp)
<Bilder//case_display.png>
File: Bilder//case_closed.png Graphic file (type bmp)
<Bilder//case_closed.png>

Underfull \hbox (badness 10000) in paragraph at lines 30--40

 []

)) [46] (./Chapter/ekg_7_ergebnisse.tex
File: Bilder//EKG_Endergebnis.png Graphic file (type bmp)
<Bilder//EKG_Endergebnis.png>
Missing character: There is no ä in font cmmi12!
 [47]
Underfull \hbox (badness 10000) in paragraph at lines 32--33

 []

) [48] (./Chapter/ekg_7_zusammenfassung.tex [49]
File: Bilder//EKG_hell.jpg Graphic file (type bmp)
<Bilder//EKG_hell.jpg>


LaTeX Warning: `!h' float specifier changed to `!ht'.

[50] [51]) [52] (./ekg_7_projektbericht.bbl
Missing character: There is no ​ in font [lmroman12-regular]:mapping=tex-text;!
Missing character: There is no ​ in font [lmroman12-regular]:mapping=tex-text;!
) (./Chapter/ekg_7_anhang.tex)
[53] (./ekg_7_projektbericht.aux) ) 
Here is how much of TeX's memory you used:
 10291 strings out of 476939
 254773 string characters out of 5826133
 747360 words of memory out of 5000000
 30064 multiletter control sequences out of 15000+600000
 410326 words of font info for 71 fonts, out of 8000000 for 9000
 1348 hyphenation exceptions out of 8191
 81i,13n,102p,2213b,1223s stack positions out of 5000i,500n,10000p,200000b,80000s

Output written on ekg_7_projektbericht.pdf (53 pages).
