
**** Build of configuration Debug for project MSP430F55xx_uscia0_uart_01.c ****

"C:\\ti\\ccs1011\\ccs\\utils\\bin\\gmake" -k -j 4 all -O 
 
Building file: "../MSP430F55xx_uscia0_uart_01.c"
Invoking: MSP430 Compiler
"C:/ti/ccs1011/ccs/tools/compiler/ti-cgt-msp430_20.2.1.LTS/bin/cl430" -vmspx --code_model=large --data_model=restricted --use_hw_mpy=F5 --include_path="C:/ti/ccs1011/ccs/ccs_base/msp430/include" --include_path="C:/Users/Erik/Desktop/EKG Code/ekg-project/MSP430F55xx_uscia0_uart_01.c" --include_path="C:/ti/ccs1011/ccs/tools/compiler/ti-cgt-msp430_20.2.1.LTS/include" --advice:power=all --define=__MSP430F5529__ -g --printf_support=minimal --diag_warning=225 --diag_wrap=off --display_error_number --silicon_errata=CPU21 --silicon_errata=CPU22 --silicon_errata=CPU23 --silicon_errata=CPU40 --preproc_with_compile --preproc_dependency="MSP430F55xx_uscia0_uart_01.d_raw"  "../MSP430F55xx_uscia0_uart_01.c"
"../MSP430F55xx_uscia0_uart_01.c", line 98: remark #1528-D: (ULP 3.1) Detected flag polling using UCBUSY. Recommend using an interrupt combined with enter LPMx and ISR
"../MSP430F55xx_uscia0_uart_01.c", line 94: remark #1544-D: (ULP 13.1) Detected loop counting up. Recommend loops count down as detecting zeros is easier
"C:/ti/ccs1011/ccs/tools/compiler/ti-cgt-msp430_20.2.1.LTS/include/_defs.h", line 333 (col. 37): remark #1531-D: (ULP 5.2) Detected floating point operation(s). Recommend moving them to RAM during run time or not using as these are processing/power intensive
"C:/ti/ccs1011/ccs/tools/compiler/ti-cgt-msp430_20.2.1.LTS/include/_defs.h", line 334 (col. 10): remark #1531-D: (ULP 5.2) Detected floating point operation(s). Recommend moving them to RAM during run time or not using as these are processing/power intensive
"C:/ti/ccs1011/ccs/tools/compiler/ti-cgt-msp430_20.2.1.LTS/include/_defs.h", line 335 (col. 37): remark #1531-D: (ULP 5.2) Detected floating point operation(s). Recommend moving them to RAM during run time or not using as these are processing/power intensive
"C:/ti/ccs1011/ccs/tools/compiler/ti-cgt-msp430_20.2.1.LTS/include/_defs.h", line 336 (col. 10): remark #1531-D: (ULP 5.2) Detected floating point operation(s). Recommend moving them to RAM during run time or not using as these are processing/power intensive
"C:/ti/ccs1011/ccs/tools/compiler/ti-cgt-msp430_20.2.1.LTS/include/_defs.h", line 337 (col. 37): remark #1531-D: (ULP 5.2) Detected floating point operation(s). Recommend moving them to RAM during run time or not using as these are processing/power intensive
"C:/ti/ccs1011/ccs/tools/compiler/ti-cgt-msp430_20.2.1.LTS/include/_defs.h", line 338 (col. 10): remark #1531-D: (ULP 5.2) Detected floating point operation(s). Recommend moving them to RAM during run time or not using as these are processing/power intensive
"C:/ti/ccs1011/ccs/tools/compiler/ti-cgt-msp430_20.2.1.LTS/include/_defs.h", line 340 (col. 37): remark #1531-D: (ULP 5.2) Detected floating point operation(s). Recommend moving them to RAM during run time or not using as these are processing/power intensive
"C:/ti/ccs1011/ccs/tools/compiler/ti-cgt-msp430_20.2.1.LTS/include/_defs.h", line 341 (col. 10): remark #1531-D: (ULP 5.2) Detected floating point operation(s). Recommend moving them to RAM during run time or not using as these are processing/power intensive
"C:/ti/ccs1011/ccs/tools/compiler/ti-cgt-msp430_20.2.1.LTS/include/_defs.h", line 342 (col. 10): remark #1531-D: (ULP 5.2) Detected floating point operation(s). Recommend moving them to RAM during run time or not using as these are processing/power intensive
"C:/ti/ccs1011/ccs/tools/compiler/ti-cgt-msp430_20.2.1.LTS/include/_defs.h", line 343 (col. 37): remark #1531-D: (ULP 5.2) Detected floating point operation(s). Recommend moving them to RAM during run time or not using as these are processing/power intensive
"C:/ti/ccs1011/ccs/tools/compiler/ti-cgt-msp430_20.2.1.LTS/include/_defs.h", line 344 (col. 10): remark #1531-D: (ULP 5.2) Detected floating point operation(s). Recommend moving them to RAM during run time or not using as these are processing/power intensive
"C:/ti/ccs1011/ccs/tools/compiler/ti-cgt-msp430_20.2.1.LTS/include/_defs.h", line 345 (col. 10): remark #1531-D: (ULP 5.2) Detected floating point operation(s). Recommend moving them to RAM during run time or not using as these are processing/power intensive
"C:/ti/ccs1011/ccs/tools/compiler/ti-cgt-msp430_20.2.1.LTS/include/_defs.h", line 346 (col. 37): remark #1531-D: (ULP 5.2) Detected floating point operation(s). Recommend moving them to RAM during run time or not using as these are processing/power intensive
"C:/ti/ccs1011/ccs/tools/compiler/ti-cgt-msp430_20.2.1.LTS/include/_defs.h", line 347 (col. 10): remark #1531-D: (ULP 5.2) Detected floating point operation(s). Recommend moving them to RAM during run time or not using as these are processing/power intensive
"C:/ti/ccs1011/ccs/tools/compiler/ti-cgt-msp430_20.2.1.LTS/include/_defs.h", line 348 (col. 10): remark #1531-D: (ULP 5.2) Detected floating point operation(s). Recommend moving them to RAM during run time or not using as these are processing/power intensive
"C:/ti/ccs1011/ccs/tools/compiler/ti-cgt-msp430_20.2.1.LTS/include/_defs.h", line 350 (col. 37): remark #1531-D: (ULP 5.2) Detected floating point operation(s). Recommend moving them to RAM during run time or not using as these are processing/power intensive
"C:/ti/ccs1011/ccs/tools/compiler/ti-cgt-msp430_20.2.1.LTS/include/_defs.h", line 351 (col. 11): remark #1531-D: (ULP 5.2) Detected floating point operation(s). Recommend moving them to RAM during run time or not using as these are processing/power intensive
"C:/ti/ccs1011/ccs/tools/compiler/ti-cgt-msp430_20.2.1.LTS/include/_defs.h", line 352 (col. 11): remark #1531-D: (ULP 5.2) Detected floating point operation(s). Recommend moving them to RAM during run time or not using as these are processing/power intensive
"C:/ti/ccs1011/ccs/tools/compiler/ti-cgt-msp430_20.2.1.LTS/include/_defs.h", line 354 (col. 37): remark #1531-D: (ULP 5.2) Detected floating point operation(s). Recommend moving them to RAM during run time or not using as these are processing/power intensive
"C:/ti/ccs1011/ccs/tools/compiler/ti-cgt-msp430_20.2.1.LTS/include/_defs.h", line 355 (col. 11): remark #1531-D: (ULP 5.2) Detected floating point operation(s). Recommend moving them to RAM during run time or not using as these are processing/power intensive
"C:/ti/ccs1011/ccs/tools/compiler/ti-cgt-msp430_20.2.1.LTS/include/_defs.h", line 356 (col. 11): remark #1531-D: (ULP 5.2) Detected floating point operation(s). Recommend moving them to RAM during run time or not using as these are processing/power intensive
"C:/ti/ccs1011/ccs/tools/compiler/ti-cgt-msp430_20.2.1.LTS/include/_defs.h", line 358 (col. 37): remark #1531-D: (ULP 5.2) Detected floating point operation(s). Recommend moving them to RAM during run time or not using as these are processing/power intensive
"C:/ti/ccs1011/ccs/tools/compiler/ti-cgt-msp430_20.2.1.LTS/include/_defs.h", line 359 (col. 11): remark #1531-D: (ULP 5.2) Detected floating point operation(s). Recommend moving them to RAM during run time or not using as these are processing/power intensive
"C:/ti/ccs1011/ccs/tools/compiler/ti-cgt-msp430_20.2.1.LTS/include/_defs.h", line 360 (col. 11): remark #1531-D: (ULP 5.2) Detected floating point operation(s). Recommend moving them to RAM during run time or not using as these are processing/power intensive
"C:/ti/ccs1011/ccs/tools/compiler/ti-cgt-msp430_20.2.1.LTS/include/_defs.h", line 362 (col. 37): remark #1531-D: (ULP 5.2) Detected floating point operation(s). Recommend moving them to RAM during run time or not using as these are processing/power intensive
"C:/ti/ccs1011/ccs/tools/compiler/ti-cgt-msp430_20.2.1.LTS/include/_defs.h", line 363 (col. 10): remark #1531-D: (ULP 5.2) Detected floating point operation(s). Recommend moving them to RAM during run time or not using as these are processing/power intensive
"C:/ti/ccs1011/ccs/tools/compiler/ti-cgt-msp430_20.2.1.LTS/include/_defs.h", line 364 (col. 37): remark #1531-D: (ULP 5.2) Detected floating point operation(s). Recommend moving them to RAM during run time or not using as these are processing/power intensive
"C:/ti/ccs1011/ccs/tools/compiler/ti-cgt-msp430_20.2.1.LTS/include/_defs.h", line 365 (col. 10): remark #1531-D: (ULP 5.2) Detected floating point operation(s). Recommend moving them to RAM during run time or not using as these are processing/power intensive
"C:/ti/ccs1011/ccs/tools/compiler/ti-cgt-msp430_20.2.1.LTS/include/_defs.h", line 366 (col. 37): remark #1531-D: (ULP 5.2) Detected floating point operation(s). Recommend moving them to RAM during run time or not using as these are processing/power intensive
"C:/ti/ccs1011/ccs/tools/compiler/ti-cgt-msp430_20.2.1.LTS/include/_defs.h", line 367 (col. 10): remark #1531-D: (ULP 5.2) Detected floating point operation(s). Recommend moving them to RAM during run time or not using as these are processing/power intensive
"C:/ti/ccs1011/ccs/tools/compiler/ti-cgt-msp430_20.2.1.LTS/include/_defs.h", line 373 (col. 37): remark #1531-D: (ULP 5.2) Detected floating point operation(s). Recommend moving them to RAM during run time or not using as these are processing/power intensive
"C:/ti/ccs1011/ccs/tools/compiler/ti-cgt-msp430_20.2.1.LTS/include/_defs.h", line 374 (col. 10): remark #1531-D: (ULP 5.2) Detected floating point operation(s). Recommend moving them to RAM during run time or not using as these are processing/power intensive
"C:/ti/ccs1011/ccs/tools/compiler/ti-cgt-msp430_20.2.1.LTS/include/_defs.h", line 375 (col. 37): remark #1531-D: (ULP 5.2) Detected floating point operation(s). Recommend moving them to RAM during run time or not using as these are processing/power intensive
"C:/ti/ccs1011/ccs/tools/compiler/ti-cgt-msp430_20.2.1.LTS/include/_defs.h", line 376 (col. 10): remark #1531-D: (ULP 5.2) Detected floating point operation(s). Recommend moving them to RAM during run time or not using as these are processing/power intensive
"C:/ti/ccs1011/ccs/tools/compiler/ti-cgt-msp430_20.2.1.LTS/include/_defs.h", line 377 (col. 37): remark #1531-D: (ULP 5.2) Detected floating point operation(s). Recommend moving them to RAM during run time or not using as these are processing/power intensive
"C:/ti/ccs1011/ccs/tools/compiler/ti-cgt-msp430_20.2.1.LTS/include/_defs.h", line 378 (col. 10): remark #1531-D: (ULP 5.2) Detected floating point operation(s). Recommend moving them to RAM during run time or not using as these are processing/power intensive
"C:/ti/ccs1011/ccs/tools/compiler/ti-cgt-msp430_20.2.1.LTS/include/_defs.h", line 395 (col. 37): remark #1531-D: (ULP 5.2) Detected floating point operation(s). Recommend moving them to RAM during run time or not using as these are processing/power intensive
"C:/ti/ccs1011/ccs/tools/compiler/ti-cgt-msp430_20.2.1.LTS/include/_defs.h", line 397 (col. 9): remark #1531-D: (ULP 5.2) Detected floating point operation(s). Recommend moving them to RAM during run time or not using as these are processing/power intensive
"C:/ti/ccs1011/ccs/tools/compiler/ti-cgt-msp430_20.2.1.LTS/include/_defs.h", line 399 (col. 13): remark #1531-D: (ULP 5.2) Detected floating point operation(s). Recommend moving them to RAM during run time or not using as these are processing/power intensive
"C:/ti/ccs1011/ccs/tools/compiler/ti-cgt-msp430_20.2.1.LTS/include/_defs.h", line 403 (col. 9): remark #1531-D: (ULP 5.2) Detected floating point operation(s). Recommend moving them to RAM during run time or not using as these are processing/power intensive
"C:/ti/ccs1011/ccs/tools/compiler/ti-cgt-msp430_20.2.1.LTS/include/_defs.h", line 405 (col. 13): remark #1531-D: (ULP 5.2) Detected floating point operation(s). Recommend moving them to RAM during run time or not using as these are processing/power intensive
"C:/ti/ccs1011/ccs/tools/compiler/ti-cgt-msp430_20.2.1.LTS/include/_defs.h", line 412 (col. 37): remark #1531-D: (ULP 5.2) Detected floating point operation(s). Recommend moving them to RAM during run time or not using as these are processing/power intensive
"C:/ti/ccs1011/ccs/tools/compiler/ti-cgt-msp430_20.2.1.LTS/include/_defs.h", line 414 (col. 9): remark #1531-D: (ULP 5.2) Detected floating point operation(s). Recommend moving them to RAM during run time or not using as these are processing/power intensive
"C:/ti/ccs1011/ccs/tools/compiler/ti-cgt-msp430_20.2.1.LTS/include/_defs.h", line 416 (col. 13): remark #1531-D: (ULP 5.2) Detected floating point operation(s). Recommend moving them to RAM during run time or not using as these are processing/power intensive
"C:/ti/ccs1011/ccs/tools/compiler/ti-cgt-msp430_20.2.1.LTS/include/_defs.h", line 420 (col. 9): remark #1531-D: (ULP 5.2) Detected floating point operation(s). Recommend moving them to RAM during run time or not using as these are processing/power intensive
"C:/ti/ccs1011/ccs/tools/compiler/ti-cgt-msp430_20.2.1.LTS/include/_defs.h", line 422 (col. 13): remark #1531-D: (ULP 5.2) Detected floating point operation(s). Recommend moving them to RAM during run time or not using as these are processing/power intensive
"C:/ti/ccs1011/ccs/tools/compiler/ti-cgt-msp430_20.2.1.LTS/include/_defs.h", line 429 (col. 37): remark #1531-D: (ULP 5.2) Detected floating point operation(s). Recommend moving them to RAM during run time or not using as these are processing/power intensive
"C:/ti/ccs1011/ccs/tools/compiler/ti-cgt-msp430_20.2.1.LTS/include/_defs.h", line 431 (col. 9): remark #1531-D: (ULP 5.2) Detected floating point operation(s). Recommend moving them to RAM during run time or not using as these are processing/power intensive
"C:/ti/ccs1011/ccs/tools/compiler/ti-cgt-msp430_20.2.1.LTS/include/_defs.h", line 433 (col. 13): remark #1531-D: (ULP 5.2) Detected floating point operation(s). Recommend moving them to RAM during run time or not using as these are processing/power intensive
"C:/ti/ccs1011/ccs/tools/compiler/ti-cgt-msp430_20.2.1.LTS/include/_defs.h", line 437 (col. 9): remark #1531-D: (ULP 5.2) Detected floating point operation(s). Recommend moving them to RAM during run time or not using as these are processing/power intensive
"C:/ti/ccs1011/ccs/tools/compiler/ti-cgt-msp430_20.2.1.LTS/include/_defs.h", line 439 (col. 13): remark #1531-D: (ULP 5.2) Detected floating point operation(s). Recommend moving them to RAM during run time or not using as these are processing/power intensive
"../MSP430F55xx_uscia0_uart_01.c", line 96 (col. 19): remark #1531-D: (ULP 5.2) Detected floating point operation(s). Recommend moving them to RAM during run time or not using as these are processing/power intensive
Finished building: "../MSP430F55xx_uscia0_uart_01.c"
 
Building target: "MSP430F55xx_uscia0_uart_01.c.out"
Invoking: MSP430 Linker
"C:/ti/ccs1011/ccs/tools/compiler/ti-cgt-msp430_20.2.1.LTS/bin/cl430" -vmspx --code_model=large --data_model=restricted --use_hw_mpy=F5 --advice:power=all --define=__MSP430F5529__ -g --printf_support=minimal --diag_warning=225 --diag_wrap=off --display_error_number --silicon_errata=CPU21 --silicon_errata=CPU22 --silicon_errata=CPU23 --silicon_errata=CPU40 -z -m"MSP430F55xx_uscia0_uart_01.c.map" --heap_size=160 --stack_size=160 --cinit_hold_wdt=on -i"C:/ti/ccs1011/ccs/ccs_base/msp430/include" -i"C:/ti/ccs1011/ccs/ccs_base/msp430/lib/5xx_6xx_FRxx" -i"C:/ti/ccs1011/ccs/tools/compiler/ti-cgt-msp430_20.2.1.LTS/lib" -i"C:/ti/ccs1011/ccs/tools/compiler/ti-cgt-msp430_20.2.1.LTS/include" --reread_libs --diag_wrap=off --display_error_number --warn_sections --xml_link_info="MSP430F55xx_uscia0_uart_01.c_linkInfo.xml" --use_hw_mpy=F5 --rom_model -o "MSP430F55xx_uscia0_uart_01.c.out" "./MSP430F55xx_uscia0_uart_01.obj" "../lnk_msp430f5529.cmd"  -llibmath.a -llibc.a 
<Linking>
remark #10371-D: (ULP 1.1) Detected no uses of low power mode state changing instructions
remark #10372-D: (ULP 4.1) Detected uninitialized Port A in this project. Recommend initializing all unused ports to eliminate wasted current consumption on unused pins.
remark #10372-D: (ULP 4.1) Detected uninitialized Port B in this project. Recommend initializing all unused ports to eliminate wasted current consumption on unused pins.
remark #10372-D: (ULP 4.1) Detected uninitialized Port C in this project. Recommend initializing all unused ports to eliminate wasted current consumption on unused pins.
remark #10372-D: (ULP 4.1) Detected uninitialized Port D in this project. Recommend initializing all unused ports to eliminate wasted current consumption on unused pins.
Finished building target: "MSP430F55xx_uscia0_uart_01.c.out"
 

**** Build Finished ****
